\BOOKMARK [0][-]{part.1}{\376\377\000I\000\040\000I\000m\000p\000l\000e\000m\000e\000n\000t\000a\000t\000i\000o\000n}{}% 1
\BOOKMARK [1][-]{section.1}{\376\377\000F\000i\000l\000t\000e\000r\000\040\000P\000a\000r\000a\000m\000e\000t\000e\000r\000s}{part.1}% 2
\BOOKMARK [2][-]{subsection.1.1}{\376\377\000C\000o\000n\000s\000t\000a\000n\000t\000s}{section.1}% 3
\BOOKMARK [1][-]{section.2}{\376\377\000I\000n\000i\000t\000i\000a\000l\000i\000s\000e\000\040\000P\000a\000r\000t\000i\000c\000l\000e\000\040\000C\000l\000o\000u\000d}{part.1}% 4
\BOOKMARK [1][-]{section.3}{\376\377\000U\000p\000d\000a\000t\000e\000\040\000P\000a\000r\000t\000i\000c\000l\000e\000\040\000C\000l\000o\000u\000d}{part.1}% 5
\BOOKMARK [2][-]{subsection.3.1}{\376\377\000U\000p\000d\000a\000t\000e\000\040\000p\000a\000r\000t\000i\000c\000l\000e\000\040\000i\000m\000p\000o\000r\000t\000a\000n\000c\000e}{section.3}% 6
\BOOKMARK [2][-]{subsection.3.2}{\376\377\000R\000e\000s\000a\000m\000p\000l\000i\000n\000g}{section.3}% 7
\BOOKMARK [1][-]{section.4}{\376\377\000E\000s\000t\000i\000m\000a\000t\000e\000\040\000P\000o\000s\000e}{part.1}% 8
\BOOKMARK [0][-]{part.2}{\376\377\000I\000I\000\040\000B\000e\000n\000c\000h\000m\000a\000r\000k}{}% 9
\BOOKMARK [1][-]{subsection.4.1}{\376\377\000T\000h\000e\000\040\000k\000i\000d\000n\000a\000p\000p\000e\000d\000\040\000r\000o\000b\000o\000t\000\040\000p\000r\000o\000b\000l\000e\000m}{part.2}% 10
\BOOKMARK [2][-]{subsection.4.2}{\376\377\000S\000i\000m\000p\000a\000t\000h\0001\000:\000\040\000E\000s\000t\000i\000m\000a\000t\000e\000d\000\040\000p\000o\000s\000i\000t\000i\000o\000n\000\040\000c\000o\000m\000p\000a\000r\000e\000r\000e\000d\000\040\000t\000o\000\040\000g\000r\000o\000u\000n\000d\000\040\000t\000r\000u\000t\000h}{subsection.4.1}% 11
\BOOKMARK [2][-]{subsection.4.3}{\376\377\000S\000i\000m\000p\000a\000t\000h\0002\000:\000\040\000E\000s\000t\000i\000m\000a\000t\000e\000d\000\040\000p\000o\000s\000i\000t\000i\000o\000n\000\040\000c\000o\000m\000p\000a\000r\000e\000r\000e\000d\000\040\000t\000o\000\040\000g\000r\000o\000u\000n\000d\000\040\000t\000r\000u\000t\000h}{subsection.4.1}% 12
\BOOKMARK [0][-]{part.3}{\376\377\000I\000I\000I\000\040\000A\000p\000p\000e\000n\000d\000i\000x}{}% 13
\BOOKMARK [1][-]{section.5}{\376\377\000I\000n\000i\000t\000i\000a\000l\000i\000s\000e\000\040\000P\000a\000r\000t\000i\000c\000l\000e\000\040\000C\000l\000o\000u\000d\000\040\000\050\000P\000a\000s\000t\000\040\000i\000t\000e\000r\000a\000t\000i\000o\000n\000s\000\051}{part.3}% 14
\BOOKMARK [2][-]{subsection.5.1}{\376\377\000I\000t\000e\000r\000a\000t\000i\000o\000n\000\043\0001\000\040\000-\000\040\000R\000a\000n\000d\000o\000m\000\040\000p\000a\000r\000t\000i\000c\000l\000e\000s\000\040\000a\000c\000c\000o\000r\000d\000i\000n\000g\000\040\000t\000o\000\040\000m\000a\000p\000\040\000s\000i\000z\000e}{section.5}% 15
\BOOKMARK [2][-]{subsection.5.2}{\376\377\000I\000t\000e\000r\000a\000t\000i\000o\000n\000\043\0002\000\040\000-\000\040\000R\000a\000n\000d\000o\000m\000\040\000p\000a\000r\000t\000i\000c\000l\000e\000s\000\040\000a\000c\000c\000o\000r\000d\000i\000n\000g\000\040\000t\000o\000\040\000c\000o\000n\000s\000t\000a\000n\000t\000s}{section.5}% 16
\BOOKMARK [1][-]{section.6}{\376\377\000U\000p\000d\000a\000t\000e\000\040\000P\000a\000r\000t\000i\000c\000l\000e\000\040\000C\000l\000o\000u\000d\000\040\000\050\000P\000a\000s\000t\000\040\000i\000t\000e\000r\000a\000t\000i\000o\000n\000s\000\051}{part.3}% 17
\BOOKMARK [2][-]{subsection.6.1}{\376\377\000I\000t\000e\000r\000a\000t\000i\000o\000n\000\043\0001\000\040\000-\000\040\000R\000e\000s\000a\000m\000p\000l\000e\000\040\000e\000v\000e\000r\000y\000t\000i\000m\000e\000\040\000w\000h\000e\000n\000\040\000l\000a\000s\000e\000r\000\040\000d\000a\000t\000a\000\040\000i\000s\000\040\000r\000e\000c\000i\000v\000e\000d}{section.6}% 18
\BOOKMARK [2][-]{subsection.6.2}{\376\377\000I\000t\000e\000r\000a\000t\000i\000o\000n\000\043\0002\000\040\000-\000\040\000R\000e\000s\000a\000m\000p\000l\000e\000\040\000a\000c\000c\000o\000r\000d\000i\000n\000g\000\040\000t\000o\000\040\000d\000i\000f\000f\000e\000r\000e\000n\000c\000e\000\040\000i\000n\000\040\000a\000c\000c\000u\000m\000u\000l\000a\000t\000e\000d\000\040\000p\000a\000r\000t\000i\000c\000l\000e\000\137\000i\000m\000p\000o\000r\000t\000a\000n\000c\000e}{section.6}% 19
\BOOKMARK [1][-]{section.7}{\376\377\000E\000s\000t\000i\000m\000a\000t\000e\000\040\000P\000o\000s\000e\000\040\000\050\000P\000a\000s\000t\000\040\000i\000t\000e\000r\000a\000t\000i\000o\000n\000s\000\051}{part.3}% 20
\BOOKMARK [2][-]{subsection.7.1}{\376\377\000I\000t\000e\000r\000a\000t\000i\000o\000n\000\043\0001\000\040\000-\000\040\000A\000v\000e\000r\000a\000g\000i\000n\000g\000\040\000e\000v\000e\000r\000y\000t\000h\000i\000n\000g}{section.7}% 21
\BOOKMARK [2][-]{subsection.7.2}{\376\377\000I\000t\000e\000r\000a\000t\000i\000o\000n\000\043\0002\000\040\000-\000\040\000T\000a\000k\000i\000n\000g\000\040\000t\000h\000e\000\040\000p\000a\000r\000t\000i\000c\000l\000e\000\040\000w\000i\000t\000h\000\040\000h\000i\000g\000h\000t\000e\000s\000t\000\040\000w\000e\000i\000g\000h\000t}{section.7}% 22
